INFO 2017-01-12 21:24:51,562 signals: Student updated: first2 d (ID: 19)
INFO 2017-01-12 21:30:47,690 signals: Student updated: first d (ID: 19)
INFO 2017-01-12 21:37:16,823 signals: Exam updated: dgdf (ID: 1)
INFO 2017-01-14 13:45:11,240 signals: Student updated: first2 d (ID: 19)
INFO 2017-01-14 13:45:48,783 signals: Student updated: first d (ID: 19)
INFO 2017-01-14 13:48:09,359 signals: Student updated: first2 d (ID: 19)
INFO 2017-01-14 21:45:09,628 signals: Student updated: first3 d (ID: 19)
INFO 2017-01-14 21:45:59,216 signals: Student updated: first4 d (ID: 19)
INFO 2017-01-14 21:46:29,447 signals: Student updated: first5 d (ID: 19)
INFO 2017-01-14 21:48:28,371 signals: Student updated: first7 d (ID: 19)
INFO 2017-01-14 21:49:20,966 signals: Student updated: first d (ID: 19)
INFO 2017-01-14 22:54:30,703 signals: Student updated: first1 d (ID: 19)
INFO 2017-01-14 22:54:30,731 signals: Student updated: first1 d (ID: 19)
INFO 2017-01-14 22:55:36,705 signals: Student updated: first d (ID: 19)
INFO 2017-01-14 22:56:19,281 signals: Student updated: first2 d (ID: 19)
INFO 2017-01-15 15:49:53,180 signals: Student updated: first3 d (ID: 19)
INFO 2017-01-15 16:26:50,174 signals: Student updated: first4 d (ID: 19)
INFO 2017-01-15 22:21:40,785 signals: Student updated: first d (ID: 19)
INFO 2017-01-15 22:26:39,833 signals: Exam added: іваіа (ID: 2)
INFO 2017-01-15 22:49:08,312 signals: Exam updated: dgdf (ID: 1)
INFO 2017-01-15 22:49:15,542 signals: Exam updated: іваіа (ID: 2)
INFO 2017-01-15 22:49:22,647 signals: Exam updated: dgdf (ID: 1)
INFO 2017-01-15 23:16:40,947 signals: Student updated: first6 d (ID: 19)
INFO 2017-01-15 23:20:13,784 signals: Student updated: first d (ID: 19)
INFO 2017-01-15 23:20:47,024 signals: Student updated: first7 d (ID: 19)
INFO 2017-01-15 23:26:59,086 signals: Exam updated: іваіа (ID: 2)
